# JRE version: OpenJDK Runtime Environment (11.0.12+7) (build 11.0.12+7-b1504.28-7817840)
# Java VM: OpenJDK 64-Bit Server VM (11.0.12+7-b1504.28-7817840, mixed mode, tiered, compressed oops, g1 gc, windows-amd64)
Heap:
 garbage-first heap   total 147456K, used 88691K [0x0000000080000000, 0x0000000100000000)
  region size 1024K, 46 young (47104K), 3 survivors (3072K)
 Metaspace       used 62878K, capacity 64356K, committed 64556K, reserved 1105920K
  class space    used 8001K, capacity 8547K, committed 8576K, reserved 1048576K
GC Heap History (20 events):
Event: 4.017 GC heap before
{Heap before GC invocations=2 (full 0):
 garbage-first heap   total 122880K, used 48145K [0x0000000080000000, 0x0000000100000000)
  region size 1024K, 41 young (41984K), 9 survivors (9216K)
 Metaspace       used 20711K, capacity 21131K, committed 21248K, reserved 1067008K
  class space    used 2545K, capacity 2710K, committed 2816K, reserved 1048576K
}
Event: 4.026 GC heap after
{Heap after GC invocations=3 (full 0):
 garbage-first heap   total 122880K, used 17322K [0x0000000080000000, 0x0000000100000000)
  region size 1024K, 2 young (2048K), 2 survivors (2048K)
 Metaspace       used 20711K, capacity 21131K, committed 21248K, reserved 1067008K
  class space    used 2545K, capacity 2710K, committed 2816K, reserved 1048576K
}
Event: 4.804 GC heap before
{Heap before GC invocations=4 (full 0):
 garbage-first heap   total 122880K, used 67498K [0x0000000080000000, 0x0000000100000000)
  region size 1024K, 51 young (52224K), 2 survivors (2048K)
 Metaspace       used 25888K, capacity 26447K, committed 26624K, reserved 1073152K
  class space    used 3348K, capacity 3551K, committed 3584K, reserved 1048576K
}
Event: 4.810 GC heap after
{Heap after GC invocations=5 (full 0):
 garbage-first heap   total 122880K, used 18980K [0x0000000080000000, 0x0000000100000000)
  region size 1024K, 3 young (3072K), 3 survivors (3072K)
 Metaspace       used 25888K, capacity 26447K, committed 26624K, reserved 1073152K
  class space    used 3348K, capacity 3551K, committed 3584K, reserved 1048576K
}
Event: 5.658 GC heap before
{Heap before GC invocations=5 (full 0):
 garbage-first heap   total 122880K, used 74276K [0x0000000080000000, 0x0000000100000000)
  region size 1024K, 57 young (58368K), 3 survivors (3072K)
 Metaspace       used 31629K, capacity 32309K, committed 32512K, reserved 1077248K
  class space    used 4244K, capacity 4513K, committed 4608K, reserved 1048576K
}
Event: 5.666 GC heap after
{Heap after GC invocations=6 (full 0):
 garbage-first heap   total 122880K, used 21093K [0x0000000080000000, 0x0000000100000000)
  region size 1024K, 5 young (5120K), 5 survivors (5120K)
 Metaspace       used 31629K, capacity 32309K, committed 32512K, reserved 1077248K
  class space    used 4244K, capacity 4513K, committed 4608K, reserved 1048576K
}
Event: 5.978 GC heap before
{Heap before GC invocations=6 (full 0):
 garbage-first heap   total 122880K, used 28261K [0x0000000080000000, 0x0000000100000000)
  region size 1024K, 13 young (13312K), 5 survivors (5120K)
 Metaspace       used 34883K, capacity 35718K, committed 35840K, reserved 1081344K
  class space    used 4532K, capacity 4839K, committed 4864K, reserved 1048576K
}
Event: 5.996 GC heap after
{Heap after GC invocations=7 (full 0):
 garbage-first heap   total 122880K, used 22563K [0x0000000080000000, 0x0000000100000000)
  region size 1024K, 6 young (6144K), 6 survivors (6144K)
 Metaspace       used 34883K, capacity 35718K, committed 35840K, reserved 1081344K
  class space    used 4532K, capacity 4839K, committed 4864K, reserved 1048576K
}
Event: 6.947 GC heap before
{Heap before GC invocations=8 (full 0):
 garbage-first heap   total 122880K, used 73763K [0x0000000080000000, 0x0000000100000000)
  region size 1024K, 54 young (55296K), 6 survivors (6144K)
 Metaspace       used 39241K, capacity 40145K, committed 40192K, reserved 1083392K
  class space    used 5017K, capacity 5353K, committed 5376K, reserved 1048576K
}
Event: 6.958 GC heap after
{Heap after GC invocations=9 (full 0):
 garbage-first heap   total 122880K, used 27110K [0x0000000080000000, 0x0000000100000000)
  region size 1024K, 7 young (7168K), 7 survivors (7168K)
 Metaspace       used 39241K, capacity 40145K, committed 40192K, reserved 1083392K
  class space    used 5017K, capacity 5353K, committed 5376K, reserved 1048576K
}
Event: 7.833 GC heap before
{Heap before GC invocations=9 (full 0):
 garbage-first heap   total 122880K, used 77286K [0x0000000080000000, 0x0000000100000000)
  region size 1024K, 56 young (57344K), 7 survivors (7168K)
 Metaspace       used 43636K, capacity 44652K, committed 44928K, reserved 1087488K
  class space    used 5568K, capacity 5947K, committed 6016K, reserved 1048576K
}
Event: 7.846 GC heap after
{Heap after GC invocations=10 (full 0):
 garbage-first heap   total 122880K, used 30006K [0x0000000080000000, 0x0000000100000000)
  region size 1024K, 3 young (3072K), 3 survivors (3072K)
 Metaspace       used 43636K, capacity 44652K, committed 44928K, reserved 1087488K
  class space    used 5568K, capacity 5947K, committed 6016K, reserved 1048576K
}
Event: 8.710 GC heap before
{Heap before GC invocations=10 (full 0):
 garbage-first heap   total 122880K, used 81206K [0x0000000080000000, 0x0000000100000000)
  region size 1024K, 53 young (54272K), 3 survivors (3072K)
 Metaspace       used 47347K, capacity 48459K, committed 48512K, reserved 1091584K
  class space    used 6113K, capacity 6516K, committed 6528K, reserved 1048576K
}
Event: 8.718 GC heap after
{Heap after GC invocations=11 (full 0):
 garbage-first heap   total 147456K, used 31454K [0x0000000080000000, 0x0000000100000000)
  region size 1024K, 5 young (5120K), 5 survivors (5120K)
 Metaspace       used 47347K, capacity 48459K, committed 48512K, reserved 1091584K
  class space    used 6113K, capacity 6516K, committed 6528K, reserved 1048576K
}
Event: 9.692 GC heap before
{Heap before GC invocations=11 (full 0):
 garbage-first heap   total 147456K, used 96990K [0x0000000080000000, 0x0000000100000000)
  region size 1024K, 65 young (66560K), 5 survivors (5120K)
 Metaspace       used 49364K, capacity 50640K, committed 50944K, reserved 1093632K
  class space    used 6345K, capacity 6820K, committed 6912K, reserved 1048576K
}
Event: 9.705 GC heap after
{Heap after GC invocations=12 (full 0):
 garbage-first heap   total 147456K, used 44380K [0x0000000080000000, 0x0000000100000000)
  region size 1024K, 9 young (9216K), 9 survivors (9216K)
 Metaspace       used 49364K, capacity 50640K, committed 50944K, reserved 1093632K
  class space    used 6345K, capacity 6820K, committed 6912K, reserved 1048576K
}
Event: 10.797 GC heap before
{Heap before GC invocations=12 (full 0):
 garbage-first heap   total 147456K, used 100700K [0x0000000080000000, 0x0000000100000000)
  region size 1024K, 64 young (65536K), 9 survivors (9216K)
 Metaspace       used 57425K, capacity 58845K, committed 59136K, reserved 1099776K
  class space    used 7326K, capacity 7843K, committed 7936K, reserved 1048576K
}
Event: 10.810 GC heap after
{Heap after GC invocations=13 (full 0):
 garbage-first heap   total 147456K, used 46883K [0x0000000080000000, 0x0000000100000000)
  region size 1024K, 3 young (3072K), 3 survivors (3072K)
 Metaspace       used 57425K, capacity 58845K, committed 59136K, reserved 1099776K
  class space    used 7326K, capacity 7843K, committed 7936K, reserved 1048576K
}
Event: 10.965 GC heap before
{Heap before GC invocations=13 (full 0):
 garbage-first heap   total 147456K, used 53027K [0x0000000080000000, 0x0000000100000000)
  region size 1024K, 10 young (10240K), 3 survivors (3072K)
 Metaspace       used 58376K, capacity 59834K, committed 59948K, reserved 1101824K
  class space    used 7461K, capacity 8025K, committed 8064K, reserved 1048576K
}
Event: 10.972 GC heap after
{Heap after GC invocations=14 (full 0):
 garbage-first heap   total 147456K, used 46707K [0x0000000080000000, 0x0000000100000000)
  region size 1024K, 3 young (3072K), 3 survivors (3072K)
 Metaspace       used 58376K, capacity 59834K, committed 59948K, reserved 1101824K
  class space    used 7461K, capacity 8025K, committed 8064K, reserved 1048576K
}

