# JRE version: OpenJDK Runtime Environment (11.0.12+7) (build 11.0.12+7-b1504.28-7817840)
# Java VM: OpenJDK 64-Bit Server VM (11.0.12+7-b1504.28-7817840, mixed mode, tiered, compressed oops, g1 gc, windows-amd64)
Heap:
 garbage-first heap   total 212992K, used 136941K [0x0000000080000000, 0x0000000100000000)
  region size 1024K, 52 young (53248K), 5 survivors (5120K)
 Metaspace       used 99948K, capacity 102192K, committed 103032K, reserved 1138688K
  class space    used 12634K, capacity 13450K, committed 13772K, reserved 1048576K
GC Heap History (20 events):
Event: 34.386 GC heap before
{Heap before GC invocations=34 (full 0):
 garbage-first heap   total 147456K, used 119784K [0x0000000080000000, 0x0000000100000000)
  region size 1024K, 23 young (23552K), 5 survivors (5120K)
 Metaspace       used 85245K, capacity 87305K, committed 88440K, reserved 1126400K
  class space    used 11076K, capacity 11890K, committed 12236K, reserved 1048576K
}
Event: 34.396 GC heap after
{Heap after GC invocations=35 (full 0):
 garbage-first heap   total 147456K, used 97228K [0x0000000080000000, 0x0000000100000000)
  region size 1024K, 2 young (2048K), 2 survivors (2048K)
 Metaspace       used 85245K, capacity 87305K, committed 88440K, reserved 1126400K
  class space    used 11076K, capacity 11890K, committed 12236K, reserved 1048576K
}
Event: 34.747 GC heap before
{Heap before GC invocations=35 (full 0):
 garbage-first heap   total 147456K, used 115660K [0x0000000080000000, 0x0000000100000000)
  region size 1024K, 20 young (20480K), 2 survivors (2048K)
 Metaspace       used 86999K, capacity 89081K, committed 90232K, reserved 1126400K
  class space    used 11309K, capacity 12120K, committed 12492K, reserved 1048576K
}
Event: 34.752 GC heap after
{Heap after GC invocations=36 (full 0):
 garbage-first heap   total 147456K, used 96763K [0x0000000080000000, 0x0000000100000000)
  region size 1024K, 2 young (2048K), 2 survivors (2048K)
 Metaspace       used 86999K, capacity 89081K, committed 90232K, reserved 1126400K
  class space    used 11309K, capacity 12120K, committed 12492K, reserved 1048576K
}
Event: 35.165 GC heap before
{Heap before GC invocations=37 (full 0):
 garbage-first heap   total 147456K, used 111099K [0x0000000080000000, 0x0000000100000000)
  region size 1024K, 18 young (18432K), 2 survivors (2048K)
 Metaspace       used 87416K, capacity 89440K, committed 90488K, reserved 1128448K
  class space    used 11347K, capacity 12154K, committed 12492K, reserved 1048576K
}
Event: 35.177 GC heap after
{Heap after GC invocations=38 (full 0):
 garbage-first heap   total 147456K, used 103245K [0x0000000080000000, 0x0000000100000000)
  region size 1024K, 3 young (3072K), 3 survivors (3072K)
 Metaspace       used 87416K, capacity 89440K, committed 90488K, reserved 1128448K
  class space    used 11347K, capacity 12154K, committed 12492K, reserved 1048576K
}
Event: 35.552 GC heap before
{Heap before GC invocations=39 (full 0):
 garbage-first heap   total 147456K, used 134989K [0x0000000080000000, 0x0000000100000000)
  region size 1024K, 18 young (18432K), 3 survivors (3072K)
 Metaspace       used 88699K, capacity 90842K, committed 91896K, reserved 1128448K
  class space    used 11474K, capacity 12248K, committed 12620K, reserved 1048576K
}
Event: 35.563 GC heap after
{Heap after GC invocations=40 (full 0):
 garbage-first heap   total 147456K, used 104776K [0x0000000080000000, 0x0000000100000000)
  region size 1024K, 2 young (2048K), 2 survivors (2048K)
 Metaspace       used 88699K, capacity 90842K, committed 91896K, reserved 1128448K
  class space    used 11474K, capacity 12248K, committed 12620K, reserved 1048576K
}
Event: 35.814 GC heap before
{Heap before GC invocations=40 (full 0):
 garbage-first heap   total 147456K, used 118088K [0x0000000080000000, 0x0000000100000000)
  region size 1024K, 16 young (16384K), 2 survivors (2048K)
 Metaspace       used 91526K, capacity 93706K, committed 94712K, reserved 1130496K
  class space    used 11728K, capacity 12575K, committed 12876K, reserved 1048576K
}
Event: 35.822 GC heap after
{Heap after GC invocations=41 (full 0):
 garbage-first heap   total 177152K, used 105376K [0x0000000080000000, 0x0000000100000000)
  region size 1024K, 1 young (1024K), 1 survivors (1024K)
 Metaspace       used 91526K, capacity 93706K, committed 94712K, reserved 1130496K
  class space    used 11728K, capacity 12575K, committed 12876K, reserved 1048576K
}
Event: 36.369 GC heap before
{Heap before GC invocations=42 (full 0):
 garbage-first heap   total 177152K, used 117664K [0x0000000080000000, 0x0000000100000000)
  region size 1024K, 27 young (27648K), 1 survivors (1024K)
 Metaspace       used 92713K, capacity 94840K, committed 95864K, reserved 1132544K
  class space    used 11843K, capacity 12650K, committed 13004K, reserved 1048576K
}
Event: 36.381 GC heap after
{Heap after GC invocations=43 (full 0):
 garbage-first heap   total 177152K, used 96043K [0x0000000080000000, 0x0000000100000000)
  region size 1024K, 4 young (4096K), 4 survivors (4096K)
 Metaspace       used 92713K, capacity 94840K, committed 95864K, reserved 1132544K
  class space    used 11843K, capacity 12650K, committed 13004K, reserved 1048576K
}
Event: 36.421 GC heap before
{Heap before GC invocations=43 (full 0):
 garbage-first heap   total 177152K, used 99115K [0x0000000080000000, 0x0000000100000000)
  region size 1024K, 8 young (8192K), 4 survivors (4096K)
 Metaspace       used 92771K, capacity 94938K, committed 95864K, reserved 1132544K
  class space    used 11851K, capacity 12682K, committed 13004K, reserved 1048576K
}
Event: 36.428 GC heap after
{Heap after GC invocations=44 (full 0):
 garbage-first heap   total 177152K, used 84319K [0x0000000080000000, 0x0000000100000000)
  region size 1024K, 1 young (1024K), 1 survivors (1024K)
 Metaspace       used 92771K, capacity 94938K, committed 95864K, reserved 1132544K
  class space    used 11851K, capacity 12682K, committed 13004K, reserved 1048576K
}
Event: 36.917 GC heap before
{Heap before GC invocations=44 (full 0):
 garbage-first heap   total 177152K, used 119135K [0x0000000080000000, 0x0000000100000000)
  region size 1024K, 36 young (36864K), 1 survivors (1024K)
 Metaspace       used 94537K, capacity 96716K, committed 97528K, reserved 1134592K
  class space    used 12002K, capacity 12820K, committed 13132K, reserved 1048576K
}
Event: 36.930 GC heap after
{Heap after GC invocations=45 (full 0):
 garbage-first heap   total 177152K, used 88883K [0x0000000080000000, 0x0000000100000000)
  region size 1024K, 5 young (5120K), 5 survivors (5120K)
 Metaspace       used 94537K, capacity 96716K, committed 97528K, reserved 1134592K
  class space    used 12002K, capacity 12820K, committed 13132K, reserved 1048576K
}
Event: 38.847 GC heap before
{Heap before GC invocations=46 (full 0):
 garbage-first heap   total 177152K, used 124723K [0x0000000080000000, 0x0000000100000000)
  region size 1024K, 41 young (41984K), 5 survivors (5120K)
 Metaspace       used 95431K, capacity 97605K, committed 98424K, reserved 1134592K
  class space    used 12069K, capacity 12896K, committed 13260K, reserved 1048576K
}
Event: 38.860 GC heap after
{Heap after GC invocations=47 (full 0):
 garbage-first heap   total 212992K, used 87670K [0x0000000080000000, 0x0000000100000000)
  region size 1024K, 2 young (2048K), 2 survivors (2048K)
 Metaspace       used 95431K, capacity 97605K, committed 98424K, reserved 1134592K
  class space    used 12069K, capacity 12896K, committed 13260K, reserved 1048576K
}
Event: 41.091 GC heap before
{Heap before GC invocations=47 (full 0):
 garbage-first heap   total 212992K, used 142966K [0x0000000080000000, 0x0000000100000000)
  region size 1024K, 56 young (57344K), 2 survivors (2048K)
 Metaspace       used 98463K, capacity 100662K, committed 101624K, reserved 1136640K
  class space    used 12482K, capacity 13316K, committed 13644K, reserved 1048576K
}
Event: 41.101 GC heap after
{Heap after GC invocations=48 (full 0):
 garbage-first heap   total 212992K, used 90861K [0x0000000080000000, 0x0000000100000000)
  region size 1024K, 5 young (5120K), 5 survivors (5120K)
 Metaspace       used 98463K, capacity 100662K, committed 101624K, reserved 1136640K
  class space    used 12482K, capacity 13316K, committed 13644K, reserved 1048576K
}

