# JRE version: OpenJDK Runtime Environment (11.0.12+7) (build 11.0.12+7-b1504.28-7817840)
# Java VM: OpenJDK 64-Bit Server VM (11.0.12+7-b1504.28-7817840, mixed mode, tiered, compressed oops, g1 gc, windows-amd64)
Heap:
 garbage-first heap   total 177152K, used 63656K [0x0000000080000000, 0x0000000100000000)
  region size 1024K, 6 young (6144K), 4 survivors (4096K)
 Metaspace       used 78590K, capacity 80444K, committed 80556K, reserved 1118208K
  class space    used 10293K, capacity 10996K, committed 11008K, reserved 1048576K
GC Heap History (20 events):
Event: 8.933 GC heap before
{Heap before GC invocations=11 (full 0):
 garbage-first heap   total 147456K, used 96683K [0x0000000080000000, 0x0000000100000000)
  region size 1024K, 73 young (74752K), 8 survivors (8192K)
 Metaspace       used 48096K, capacity 49277K, committed 49408K, reserved 1091584K
  class space    used 6177K, capacity 6635K, committed 6656K, reserved 1048576K
}
Event: 8.942 GC heap after
{Heap after GC invocations=12 (full 0):
 garbage-first heap   total 147456K, used 33080K [0x0000000080000000, 0x0000000100000000)
  region size 1024K, 7 young (7168K), 7 survivors (7168K)
 Metaspace       used 48096K, capacity 49277K, committed 49408K, reserved 1091584K
  class space    used 6177K, capacity 6635K, committed 6656K, reserved 1048576K
}
Event: 10.060 GC heap before
{Heap before GC invocations=12 (full 0):
 garbage-first heap   total 147456K, used 103736K [0x0000000080000000, 0x0000000100000000)
  region size 1024K, 73 young (74752K), 7 survivors (7168K)
 Metaspace       used 54588K, capacity 56032K, committed 56192K, reserved 1097728K
  class space    used 7014K, capacity 7550K, committed 7552K, reserved 1048576K
}
Event: 10.074 GC heap after
{Heap after GC invocations=13 (full 0):
 garbage-first heap   total 147456K, used 45423K [0x0000000080000000, 0x0000000100000000)
  region size 1024K, 10 young (10240K), 10 survivors (10240K)
 Metaspace       used 54588K, capacity 56032K, committed 56192K, reserved 1097728K
  class space    used 7014K, capacity 7550K, committed 7552K, reserved 1048576K
}
Event: 10.506 GC heap before
{Heap before GC invocations=13 (full 0):
 garbage-first heap   total 147456K, used 68975K [0x0000000080000000, 0x0000000100000000)
  region size 1024K, 34 young (34816K), 10 survivors (10240K)
 Metaspace       used 58357K, capacity 59778K, committed 59948K, reserved 1101824K
  class space    used 7452K, capacity 7984K, committed 8064K, reserved 1048576K
}
Event: 10.522 GC heap after
{Heap after GC invocations=14 (full 0):
 garbage-first heap   total 147456K, used 46603K [0x0000000080000000, 0x0000000100000000)
  region size 1024K, 1 young (1024K), 1 survivors (1024K)
 Metaspace       used 58357K, capacity 59778K, committed 59948K, reserved 1101824K
  class space    used 7452K, capacity 7984K, committed 8064K, reserved 1048576K
}
Event: 11.391 GC heap before
{Heap before GC invocations=15 (full 0):
 garbage-first heap   total 147456K, used 93707K [0x0000000080000000, 0x0000000100000000)
  region size 1024K, 48 young (49152K), 1 survivors (1024K)
 Metaspace       used 63153K, capacity 64587K, committed 64940K, reserved 1105920K
  class space    used 8036K, capacity 8579K, committed 8704K, reserved 1048576K
}
Event: 11.398 GC heap after
{Heap after GC invocations=16 (full 0):
 garbage-first heap   total 177152K, used 50675K [0x0000000080000000, 0x0000000100000000)
  region size 1024K, 5 young (5120K), 5 survivors (5120K)
 Metaspace       used 63153K, capacity 64587K, committed 64940K, reserved 1105920K
  class space    used 8036K, capacity 8579K, committed 8704K, reserved 1048576K
}
Event: 12.170 GC heap before
{Heap before GC invocations=16 (full 0):
 garbage-first heap   total 177152K, used 111091K [0x0000000080000000, 0x0000000100000000)
  region size 1024K, 63 young (64512K), 5 survivors (5120K)
 Metaspace       used 65410K, capacity 67002K, committed 67116K, reserved 1107968K
  class space    used 8363K, capacity 8992K, committed 9088K, reserved 1048576K
}
Event: 12.180 GC heap after
{Heap after GC invocations=17 (full 0):
 garbage-first heap   total 177152K, used 55310K [0x0000000080000000, 0x0000000100000000)
  region size 1024K, 5 young (5120K), 5 survivors (5120K)
 Metaspace       used 65410K, capacity 67002K, committed 67116K, reserved 1107968K
  class space    used 8363K, capacity 8992K, committed 9088K, reserved 1048576K
}
Event: 13.597 GC heap before
{Heap before GC invocations=17 (full 0):
 garbage-first heap   total 177152K, used 115726K [0x0000000080000000, 0x0000000100000000)
  region size 1024K, 64 young (65536K), 5 survivors (5120K)
 Metaspace       used 72220K, capacity 73906K, committed 74028K, reserved 1114112K
  class space    used 9444K, capacity 10085K, committed 10112K, reserved 1048576K
}
Event: 13.610 GC heap after
{Heap after GC invocations=18 (full 0):
 garbage-first heap   total 177152K, used 59376K [0x0000000080000000, 0x0000000100000000)
  region size 1024K, 4 young (4096K), 4 survivors (4096K)
 Metaspace       used 72220K, capacity 73906K, committed 74028K, reserved 1114112K
  class space    used 9444K, capacity 10085K, committed 10112K, reserved 1048576K
}
Event: 14.913 GC heap before
{Heap before GC invocations=18 (full 0):
 garbage-first heap   total 177152K, used 121840K [0x0000000080000000, 0x0000000100000000)
  region size 1024K, 65 young (66560K), 4 survivors (4096K)
 Metaspace       used 78339K, capacity 80211K, committed 80300K, reserved 1118208K
  class space    used 10286K, capacity 10989K, committed 11008K, reserved 1048576K
}
Event: 14.921 GC heap after
{Heap after GC invocations=19 (full 0):
 garbage-first heap   total 177152K, used 62203K [0x0000000080000000, 0x0000000100000000)
  region size 1024K, 7 young (7168K), 7 survivors (7168K)
 Metaspace       used 78339K, capacity 80211K, committed 80300K, reserved 1118208K
  class space    used 10286K, capacity 10989K, committed 11008K, reserved 1048576K
}
Event: 16.334 GC heap before
{Heap before GC invocations=19 (full 0):
 garbage-first heap   total 177152K, used 125691K [0x0000000080000000, 0x0000000100000000)
  region size 1024K, 69 young (70656K), 7 survivors (7168K)
 Metaspace       used 78370K, capacity 80219K, committed 80300K, reserved 1118208K
  class space    used 10289K, capacity 10991K, committed 11008K, reserved 1048576K
}
Event: 16.343 GC heap after
{Heap after GC invocations=20 (full 0):
 garbage-first heap   total 177152K, used 62663K [0x0000000080000000, 0x0000000100000000)
  region size 1024K, 4 young (4096K), 4 survivors (4096K)
 Metaspace       used 78370K, capacity 80219K, committed 80300K, reserved 1118208K
  class space    used 10289K, capacity 10991K, committed 11008K, reserved 1048576K
}
Event: 17.780 GC heap before
{Heap before GC invocations=20 (full 0):
 garbage-first heap   total 177152K, used 128199K [0x0000000080000000, 0x0000000100000000)
  region size 1024K, 68 young (69632K), 4 survivors (4096K)
 Metaspace       used 78375K, capacity 80222K, committed 80300K, reserved 1118208K
  class space    used 10289K, capacity 10991K, committed 11008K, reserved 1048576K
}
Event: 17.787 GC heap after
{Heap after GC invocations=21 (full 0):
 garbage-first heap   total 177152K, used 62238K [0x0000000080000000, 0x0000000100000000)
  region size 1024K, 4 young (4096K), 4 survivors (4096K)
 Metaspace       used 78375K, capacity 80222K, committed 80300K, reserved 1118208K
  class space    used 10289K, capacity 10991K, committed 11008K, reserved 1048576K
}
Event: 19.269 GC heap before
{Heap before GC invocations=21 (full 0):
 garbage-first heap   total 177152K, used 130846K [0x0000000080000000, 0x0000000100000000)
  region size 1024K, 71 young (72704K), 4 survivors (4096K)
 Metaspace       used 78377K, capacity 80222K, committed 80300K, reserved 1118208K
  class space    used 10289K, capacity 10991K, committed 11008K, reserved 1048576K
}
Event: 19.277 GC heap after
{Heap after GC invocations=22 (full 0):
 garbage-first heap   total 177152K, used 62209K [0x0000000080000000, 0x0000000100000000)
  region size 1024K, 4 young (4096K), 4 survivors (4096K)
 Metaspace       used 78377K, capacity 80222K, committed 80300K, reserved 1118208K
  class space    used 10289K, capacity 10991K, committed 11008K, reserved 1048576K
}

