# JRE version: OpenJDK Runtime Environment (11.0.12+7) (build 11.0.12+7-b1504.28-7817840)
# Java VM: OpenJDK 64-Bit Server VM (11.0.12+7-b1504.28-7817840, mixed mode, tiered, compressed oops, g1 gc, windows-amd64)
Heap:
 garbage-first heap   total 177152K, used 142976K [0x0000000080000000, 0x0000000100000000)
  region size 1024K, 70 young (71680K), 5 survivors (5120K)
 Metaspace       used 85364K, capacity 87983K, committed 88236K, reserved 1126400K
  class space    used 11214K, capacity 12193K, committed 12288K, reserved 1048576K
GC Heap History (20 events):
Event: 17.393 GC heap before
{Heap before GC invocations=19 (full 0):
 garbage-first heap   total 177152K, used 128631K [0x0000000080000000, 0x0000000100000000)
  region size 1024K, 74 young (75776K), 7 survivors (7168K)
 Metaspace       used 77176K, capacity 78907K, committed 79148K, reserved 1118208K
  class space    used 10134K, capacity 10774K, committed 10880K, reserved 1048576K
}
Event: 17.404 GC heap after
{Heap after GC invocations=20 (full 0):
 garbage-first heap   total 177152K, used 59689K [0x0000000080000000, 0x0000000100000000)
  region size 1024K, 2 young (2048K), 2 survivors (2048K)
 Metaspace       used 77176K, capacity 78907K, committed 79148K, reserved 1118208K
  class space    used 10134K, capacity 10774K, committed 10880K, reserved 1048576K
}
Event: 19.079 GC heap before
{Heap before GC invocations=20 (full 0):
 garbage-first heap   total 177152K, used 132393K [0x0000000080000000, 0x0000000100000000)
  region size 1024K, 73 young (74752K), 2 survivors (2048K)
 Metaspace       used 77178K, capacity 78907K, committed 79148K, reserved 1118208K
  class space    used 10134K, capacity 10774K, committed 10880K, reserved 1048576K
}
Event: 19.084 GC heap after
{Heap after GC invocations=21 (full 0):
 garbage-first heap   total 177152K, used 59546K [0x0000000080000000, 0x0000000100000000)
  region size 1024K, 2 young (2048K), 2 survivors (2048K)
 Metaspace       used 77178K, capacity 78907K, committed 79148K, reserved 1118208K
  class space    used 10134K, capacity 10774K, committed 10880K, reserved 1048576K
}
Event: 20.753 GC heap before
{Heap before GC invocations=21 (full 0):
 garbage-first heap   total 177152K, used 133274K [0x0000000080000000, 0x0000000100000000)
  region size 1024K, 74 young (75776K), 2 survivors (2048K)
 Metaspace       used 77178K, capacity 78907K, committed 79148K, reserved 1118208K
  class space    used 10134K, capacity 10774K, committed 10880K, reserved 1048576K
}
Event: 20.756 GC heap after
{Heap after GC invocations=22 (full 0):
 garbage-first heap   total 177152K, used 59528K [0x0000000080000000, 0x0000000100000000)
  region size 1024K, 2 young (2048K), 2 survivors (2048K)
 Metaspace       used 77178K, capacity 78907K, committed 79148K, reserved 1118208K
  class space    used 10134K, capacity 10774K, committed 10880K, reserved 1048576K
}
Event: 22.314 GC heap before
{Heap before GC invocations=22 (full 0):
 garbage-first heap   total 177152K, used 134280K [0x0000000080000000, 0x0000000100000000)
  region size 1024K, 75 young (76800K), 2 survivors (2048K)
 Metaspace       used 77583K, capacity 79315K, committed 79660K, reserved 1118208K
  class space    used 10159K, capacity 10788K, committed 10880K, reserved 1048576K
}
Event: 22.320 GC heap after
{Heap after GC invocations=23 (full 0):
 garbage-first heap   total 177152K, used 59866K [0x0000000080000000, 0x0000000100000000)
  region size 1024K, 3 young (3072K), 3 survivors (3072K)
 Metaspace       used 77583K, capacity 79315K, committed 79660K, reserved 1118208K
  class space    used 10159K, capacity 10788K, committed 10880K, reserved 1048576K
}
Event: 23.907 GC heap before
{Heap before GC invocations=23 (full 0):
 garbage-first heap   total 177152K, used 135642K [0x0000000080000000, 0x0000000100000000)
  region size 1024K, 77 young (78848K), 3 survivors (3072K)
 Metaspace       used 77584K, capacity 79315K, committed 79660K, reserved 1118208K
  class space    used 10159K, capacity 10788K, committed 10880K, reserved 1048576K
}
Event: 23.913 GC heap after
{Heap after GC invocations=24 (full 0):
 garbage-first heap   total 177152K, used 59770K [0x0000000080000000, 0x0000000100000000)
  region size 1024K, 3 young (3072K), 3 survivors (3072K)
 Metaspace       used 77584K, capacity 79315K, committed 79660K, reserved 1118208K
  class space    used 10159K, capacity 10788K, committed 10880K, reserved 1048576K
}
Event: 25.703 GC heap before
{Heap before GC invocations=24 (full 0):
 garbage-first heap   total 177152K, used 143738K [0x0000000080000000, 0x0000000100000000)
  region size 1024K, 85 young (87040K), 3 survivors (3072K)
 Metaspace       used 77584K, capacity 79315K, committed 79660K, reserved 1118208K
  class space    used 10159K, capacity 10788K, committed 10880K, reserved 1048576K
}
Event: 25.709 GC heap after
{Heap after GC invocations=25 (full 0):
 garbage-first heap   total 177152K, used 59810K [0x0000000080000000, 0x0000000100000000)
  region size 1024K, 3 young (3072K), 3 survivors (3072K)
 Metaspace       used 77584K, capacity 79315K, committed 79660K, reserved 1118208K
  class space    used 10159K, capacity 10788K, committed 10880K, reserved 1048576K
}
Event: 27.488 GC heap before
{Heap before GC invocations=25 (full 0):
 garbage-first heap   total 177152K, used 146850K [0x0000000080000000, 0x0000000100000000)
  region size 1024K, 88 young (90112K), 3 survivors (3072K)
 Metaspace       used 79589K, capacity 81408K, committed 81708K, reserved 1120256K
  class space    used 10403K, capacity 11088K, committed 11136K, reserved 1048576K
}
Event: 27.494 GC heap after
{Heap after GC invocations=26 (full 0):
 garbage-first heap   total 177152K, used 62091K [0x0000000080000000, 0x0000000100000000)
  region size 1024K, 5 young (5120K), 5 survivors (5120K)
 Metaspace       used 79589K, capacity 81408K, committed 81708K, reserved 1120256K
  class space    used 10403K, capacity 11088K, committed 11136K, reserved 1048576K
}
Event: 28.575 GC heap before
{Heap before GC invocations=26 (full 0):
 garbage-first heap   total 177152K, used 146059K [0x0000000080000000, 0x0000000100000000)
  region size 1024K, 88 young (90112K), 5 survivors (5120K)
 Metaspace       used 82982K, capacity 85399K, committed 85676K, reserved 1122304K
  class space    used 11020K, capacity 11953K, committed 12032K, reserved 1048576K
}
Event: 28.587 GC heap after
{Heap after GC invocations=27 (full 0):
 garbage-first heap   total 177152K, used 67670K [0x0000000080000000, 0x0000000100000000)
  region size 1024K, 10 young (10240K), 10 survivors (10240K)
 Metaspace       used 82982K, capacity 85399K, committed 85676K, reserved 1122304K
  class space    used 11020K, capacity 11953K, committed 12032K, reserved 1048576K
}
Event: 29.348 GC heap before
{Heap before GC invocations=27 (full 0):
 garbage-first heap   total 177152K, used 145494K [0x0000000080000000, 0x0000000100000000)
  region size 1024K, 87 young (89088K), 10 survivors (10240K)
 Metaspace       used 83795K, capacity 86333K, committed 86444K, reserved 1124352K
  class space    used 11084K, capacity 12025K, committed 12032K, reserved 1048576K
}
Event: 29.364 GC heap after
{Heap after GC invocations=28 (full 0):
 garbage-first heap   total 177152K, used 73407K [0x0000000080000000, 0x0000000100000000)
  region size 1024K, 11 young (11264K), 11 survivors (11264K)
 Metaspace       used 83795K, capacity 86333K, committed 86444K, reserved 1124352K
  class space    used 11084K, capacity 12025K, committed 12032K, reserved 1048576K
}
Event: 29.871 GC heap before
{Heap before GC invocations=28 (full 0):
 garbage-first heap   total 177152K, used 145087K [0x0000000080000000, 0x0000000100000000)
  region size 1024K, 82 young (83968K), 11 survivors (11264K)
 Metaspace       used 84214K, capacity 86685K, committed 86828K, reserved 1124352K
  class space    used 11115K, capacity 12104K, committed 12160K, reserved 1048576K
}
Event: 29.887 GC heap after
{Heap after GC invocations=29 (full 0):
 garbage-first heap   total 177152K, used 78464K [0x0000000080000000, 0x0000000100000000)
  region size 1024K, 5 young (5120K), 5 survivors (5120K)
 Metaspace       used 84214K, capacity 86685K, committed 86828K, reserved 1124352K
  class space    used 11115K, capacity 12104K, committed 12160K, reserved 1048576K
}

